<?xml version="1.0" encoding="UTF-8"?>
<!-- Generated by org.testng.reporters.JUnitXMLReporter -->
<testsuite hostname="AvichaiDavidi" ignored="0" name="Default test" tests="4" failures="0" timestamp="26 נוב 2018 23:31:12 GMT" time="56.274" errors="0">
  <testcase name="simpleTask" time="1.18" classname="mytinytodo.net.tests.TestNGTest"/>
  <testcase name="advancedTask" time="27.966" classname="mytinytodo.net.tests.TestNGTest"/>
  <testcase name="searchTask" time="4.092" classname="mytinytodo.net.tests.TestNGTest"/>
  <testcase name="newList" time="13.248" classname="mytinytodo.net.tests.TestNGTest"/>
</testsuite> <!-- Default test -->
